2013-06-06 11:03:11,054 [FileSystemWatcher: files=#264 cl=java.net.URLClassLoader@2602585e] ERROR StackTrace  - Full Stack Trace:
groovy.lang.MissingPropertyException: No such property: CustomDateEditorRegistrar for class: resources
	at org.codehaus.groovy.runtime.ScriptBytecodeAdapter.unwrap(ScriptBytecodeAdapter.java:50)
	at org.codehaus.groovy.runtime.callsite.PogoGetPropertySite.getProperty(PogoGetPropertySite.java:49)
	at org.codehaus.groovy.runtime.callsite.AbstractCallSite.callGroovyObjectGetProperty(AbstractCallSite.java:231)
	at resources$_run_closure1$$EO7zkMOS.doCall(resources.groovy:3)
	at resources$_run_closure1$$DO7zkMOS.doCall(Unknown Source)
	at resources$_run_closure1.doCall(resources.groovy)
	at resources$_run_closure1$$EO7zkMOS.doCall(resources.groovy)
	at sun.reflect.NativeMethodAccessorImpl.invoke0(Native Method)
	at sun.reflect.NativeMethodAccessorImpl.invoke(NativeMethodAccessorImpl.java:39)
	at sun.reflect.DelegatingMethodAccessorImpl.invoke(DelegatingMethodAccessorImpl.java:25)
	at java.lang.reflect.Method.invoke(Method.java:597)
	at org.springsource.loaded.ri.ReloadedTypeInvoker$2.invoke(ReloadedTypeInvoker.java:122)
	at org.springsource.loaded.ri.ReflectiveInterceptor.jlrMethodInvoke(ReflectiveInterceptor.java:1272)
	at org.codehaus.groovy.reflection.CachedMethod.invoke(CachedMethod.java:90)
	at groovy.lang.MetaMethod.doMethodInvoke(MetaMethod.java:233)
	at groovy.lang.MetaClassImpl.invokeMethod(MetaClassImpl.java:1082)
	at groovy.lang.ExpandoMetaClass.invokeMethod(ExpandoMetaClass.java:1106)
	at groovy.lang.MetaClassImpl.invokeMethod(MetaClassImpl.java:906)
	at groovy.lang.Closure.call(Closure.java:412)
	at resources$_run_closure1.call(resources.groovy)
	at groovy.lang.Closure.call(Closure.java:406)
	at resources$_run_closure1.call(resources.groovy)
	at grails.spring.BeanBuilder.invokeBeanDefiningClosure(BeanBuilder.java:757)
	at grails.spring.BeanBuilder.beans(BeanBuilder.java:584)
	at org.codehaus.groovy.grails.commons.spring.GrailsRuntimeConfigurator.reloadSpringResourcesConfig(GrailsRuntimeConfigurator.java:367)
	at org.codehaus.groovy.grails.commons.spring.GrailsRuntimeConfigurator$reloadSpringResourcesConfig.call(Unknown Source)
	at org.codehaus.groovy.runtime.callsite.CallSiteArray.defaultCall(CallSiteArray.java:45)
	at org.codehaus.groovy.runtime.callsite.AbstractCallSite.call(AbstractCallSite.java:108)
	at org.codehaus.groovy.runtime.callsite.AbstractCallSite.call(AbstractCallSite.java:124)
	at org.codehaus.groovy.grails.plugins.CoreGrailsPlugin$_closure3.doCall(CoreGrailsPlugin.groovy:158)
	at sun.reflect.NativeMethodAccessorImpl.invoke0(Native Method)
	at sun.reflect.NativeMethodAccessorImpl.invoke(NativeMethodAccessorImpl.java:39)
	at sun.reflect.DelegatingMethodAccessorImpl.invoke(DelegatingMethodAccessorImpl.java:25)
	at java.lang.reflect.Method.invoke(Method.java:597)
	at org.springsource.loaded.ri.ReflectiveInterceptor.jlrMethodInvoke(ReflectiveInterceptor.java:1249)
	at org.codehaus.groovy.reflection.CachedMethod.invoke(CachedMethod.java:90)
	at groovy.lang.MetaMethod.doMethodInvoke(MetaMethod.java:233)
	at groovy.lang.MetaClassImpl.invokeMethod(MetaClassImpl.java:1082)
	at groovy.lang.ExpandoMetaClass.invokeMethod(ExpandoMetaClass.java:1106)
	at groovy.lang.MetaClassImpl.invokeMethod(MetaClassImpl.java:906)
	at groovy.lang.Closure.call(Closure.java:412)
	at org.codehaus.groovy.grails.plugins.DefaultGrailsPlugin.invokeOnChangeListener(DefaultGrailsPlugin.java:768)
	at org.codehaus.groovy.grails.plugins.DefaultGrailsPlugin.notifyOfEvent(DefaultGrailsPlugin.java:717)
	at org.codehaus.groovy.grails.plugins.DefaultGrailsPlugin.notifyOfEvent(DefaultGrailsPlugin.java:732)
	at org.codehaus.groovy.grails.plugins.AbstractGrailsPluginManager.informOfClassChange(AbstractGrailsPluginManager.java:405)
	at org.codehaus.groovy.grails.compiler.GrailsProjectWatcher$2.run(GrailsProjectWatcher.java:257)
	at org.codehaus.groovy.grails.compiler.GrailsProjectWatcher.firePendingClassChangeEvents(GrailsProjectWatcher.java:124)
	at org.codehaus.groovy.grails.cli.agent.GrailsPluginManagerReloadPlugin.reloadEvent(GrailsPluginManagerReloadPlugin.java:42)
	at org.springsource.loaded.TypeRegistry.fireReloadEvent(TypeRegistry.java:1594)
	at org.springsource.loaded.ReloadableType.loadNewVersion(ReloadableType.java:396)
	at org.springsource.loaded.TypeRegistry.loadNewVersion(TypeRegistry.java:805)
	at org.springsource.loaded.agent.ReloadableFileChangeListener.fileChanged(ReloadableFileChangeListener.java:51)
	at org.springsource.loaded.agent.Watcher.determineChangesSince(FileSystemWatcher.java:218)
	at org.springsource.loaded.agent.Watcher.run(FileSystemWatcher.java:205)
	at java.lang.Thread.run(Thread.java:662)
2013-06-06 11:03:11,060 [FileSystemWatcher: files=#264 cl=java.net.URLClassLoader@2602585e] ERROR StackTrace  - Full Stack Trace:
groovy.lang.MissingPropertyException: No such property: CustomDateEditorRegistrar for class: resources
	at resources$_run_closure1$$EO7zkMOS.doCall(resources.groovy:3)
	at grails.spring.BeanBuilder.invokeBeanDefiningClosure(BeanBuilder.java:757)
	at grails.spring.BeanBuilder.beans(BeanBuilder.java:584)
	at java.lang.Thread.run(Thread.java:662)
2013-06-06 11:03:11,060 [FileSystemWatcher: files=#264 cl=java.net.URLClassLoader@2602585e] ERROR StackTrace  - Full Stack Trace:
groovy.lang.MissingPropertyException: No such property: CustomDateEditorRegistrar for class: resources
	at resources$_run_closure1$$EO7zkMOS.doCall(resources.groovy:3)
	at grails.spring.BeanBuilder.invokeBeanDefiningClosure(BeanBuilder.java:757)
	at grails.spring.BeanBuilder.beans(BeanBuilder.java:584)
	at java.lang.Thread.run(Thread.java:662)
2013-06-06 11:03:11,061 [FileSystemWatcher: files=#264 cl=java.net.URLClassLoader@2602585e] ERROR StackTrace  - Full Stack Trace:
groovy.lang.MissingPropertyException: No such property: CustomDateEditorRegistrar for class: resources
	at resources$_run_closure1$$EO7zkMOS.doCall(resources.groovy:3)
	at grails.spring.BeanBuilder.invokeBeanDefiningClosure(BeanBuilder.java:757)
	at grails.spring.BeanBuilder.beans(BeanBuilder.java:584)
	at java.lang.Thread.run(Thread.java:662)
